2021-10-12 15:38:45.556  INFO 17636 --- [main] c.b.m.MySpringSecurityApplication        : Starting MySpringSecurityApplication v0.0.1-SNAPSHOT on DESKTOP-FUKTKVA with PID 17636 (F:\项目\权限管理系统\my-springsecurity\target\my-springsecurity-0.0.1-SNAPSHOT.jar started by ASUS in F:\项目\权限管理系统\my-springsecurity\target)
2021-10-12 15:38:45.558  INFO 17636 --- [main] c.b.m.MySpringSecurityApplication        : The following profiles are active: dev
2021-10-12 15:38:46.781  INFO 17636 --- [main] .s.d.r.c.RepositoryConfigurationDelegate : Multiple Spring Data modules found, entering strict repository configuration mode!
2021-10-12 15:38:46.783  INFO 17636 --- [main] .s.d.r.c.RepositoryConfigurationDelegate : Bootstrapping Spring Data Redis repositories in DEFAULT mode.
2021-10-12 15:38:46.810  INFO 17636 --- [main] .s.d.r.c.RepositoryConfigurationDelegate : Finished Spring Data repository scanning in 13ms. Found 0 Redis repository interfaces.
2021-10-12 15:38:47.397  INFO 17636 --- [main] trationDelegate$BeanPostProcessorChecker : Bean 'org.springframework.security.access.expression.method.DefaultMethodSecurityExpressionHandler@2dde1bff' of type [org.springframework.security.access.expression.method.DefaultMethodSecurityExpressionHandler] is not eligible for getting processed by all BeanPostProcessors (for example: not eligible for auto-proxying)
2021-10-12 15:38:47.403  INFO 17636 --- [main] trationDelegate$BeanPostProcessorChecker : Bean 'methodSecurityMetadataSource' of type [org.springframework.security.access.method.DelegatingMethodSecurityMetadataSource] is not eligible for getting processed by all BeanPostProcessors (for example: not eligible for auto-proxying)
2021-10-12 15:38:47.786  INFO 17636 --- [main] o.s.b.w.embedded.tomcat.TomcatWebServer  : Tomcat initialized with port(s): 8088 (http)
2021-10-12 15:38:47.798  INFO 17636 --- [main] o.apache.catalina.core.StandardService   : Starting service [Tomcat]
2021-10-12 15:38:47.799  INFO 17636 --- [main] org.apache.catalina.core.StandardEngine  : Starting Servlet engine: [Apache Tomcat/9.0.36]
2021-10-12 15:38:47.877  INFO 17636 --- [main] o.a.c.c.C.[Tomcat].[localhost].[/]       : Initializing Spring embedded WebApplicationContext
2021-10-12 15:38:47.877  INFO 17636 --- [main] w.s.c.ServletWebServerApplicationContext : Root WebApplicationContext: initialization completed in 2268 ms
2021-10-12 15:38:48.410  INFO 17636 --- [main] c.a.d.s.b.a.DruidDataSourceAutoConfigure : Init DruidDataSource
2021-10-12 15:38:48.998  INFO 17636 --- [main] com.alibaba.druid.pool.DruidDataSource   : {dataSource-1} inited
2021-10-12 15:38:49.745  INFO 17636 --- [main] o.s.s.web.DefaultSecurityFilterChain     : Creating filter chain: any request, [org.springframework.security.web.context.request.async.WebAsyncManagerIntegrationFilter@241e8ea6, org.springframework.security.web.context.SecurityContextPersistenceFilter@40844aab, org.springframework.security.web.header.HeaderWriterFilter@4b41e4dd, org.springframework.web.filter.CorsFilter@1c33c17b, org.springframework.security.web.authentication.logout.LogoutFilter@1817f1eb, com.bobo.myspringsecurity.security.CaptchaFilter@7098b907, org.springframework.security.web.authentication.UsernamePasswordAuthenticationFilter@17a1e4ca, com.bobo.myspringsecurity.security.JwtAuthenticationFilter@13ad5cd3, org.springframework.security.web.savedrequest.RequestCacheAwareFilter@5b619d14, org.springframework.security.web.servletapi.SecurityContextHolderAwareRequestFilter@447a020, org.springframework.security.web.authentication.AnonymousAuthenticationFilter@542e560f, org.springframework.security.web.session.SessionManagementFilter@74960bfa, org.springframework.security.web.access.ExceptionTranslationFilter@4372b9b6, org.springframework.security.web.access.intercept.FilterSecurityInterceptor@31d0e481]
2021-10-12 15:38:49.771  INFO 17636 --- [main] pertySourcedRequestMappingHandlerMapping : Mapped URL path [/v2/api-docs] onto method [springfox.documentation.swagger2.web.Swagger2Controller#getDocumentation(String, HttpServletRequest)]
2021-10-12 15:38:49.906  INFO 17636 --- [main] o.s.s.concurrent.ThreadPoolTaskExecutor  : Initializing ExecutorService 'applicationTaskExecutor'
2021-10-12 15:38:50.271  INFO 17636 --- [main] o.s.b.w.embedded.tomcat.TomcatWebServer  : Tomcat started on port(s): 8088 (http) with context path ''
2021-10-12 15:38:50.272  INFO 17636 --- [main] d.s.w.p.DocumentationPluginsBootstrapper : Context refreshed
2021-10-12 15:38:50.298  INFO 17636 --- [main] d.s.w.p.DocumentationPluginsBootstrapper : Found 1 custom documentation plugin(s)
2021-10-12 15:38:50.354  INFO 17636 --- [main] s.d.s.w.s.ApiListingReferenceScanner     : Scanning for api listing references
2021-10-12 15:38:50.601  INFO 17636 --- [main] .d.s.w.r.o.CachingOperationNameGenerator : Generating unique operation named: getLevelMenuUsingGET_1
2021-10-12 15:38:50.605  INFO 17636 --- [main] .d.s.w.r.o.CachingOperationNameGenerator : Generating unique operation named: getMenuUsingGET_1
2021-10-12 15:38:50.660  INFO 17636 --- [main] c.b.m.MySpringSecurityApplication        : Started MySpringSecurityApplication in 5.585 seconds (JVM running for 6.016)
2021-10-12 15:39:02.017  INFO 17636 --- [SpringContextShutdownHook] o.s.s.concurrent.ThreadPoolTaskExecutor  : Shutting down ExecutorService 'applicationTaskExecutor'
2021-10-12 15:39:02.019  INFO 17636 --- [SpringContextShutdownHook] com.alibaba.druid.pool.DruidDataSource   : {dataSource-1} closing ...
2021-10-12 15:39:02.023  INFO 17636 --- [SpringContextShutdownHook] com.alibaba.druid.pool.DruidDataSource   : {dataSource-1} closed
2021-10-12 15:39:03.860  INFO 10084 --- [main] c.b.m.MySpringSecurityApplication        : Starting MySpringSecurityApplication v0.0.1-SNAPSHOT on DESKTOP-FUKTKVA with PID 10084 (F:\项目\权限管理系统\my-springsecurity\target\my-springsecurity-0.0.1-SNAPSHOT.jar started by ASUS in F:\项目\权限管理系统\my-springsecurity\target)
2021-10-12 15:39:03.862  INFO 10084 --- [main] c.b.m.MySpringSecurityApplication        : The following profiles are active: dev
2021-10-12 15:39:05.115  INFO 10084 --- [main] .s.d.r.c.RepositoryConfigurationDelegate : Multiple Spring Data modules found, entering strict repository configuration mode!
2021-10-12 15:39:05.117  INFO 10084 --- [main] .s.d.r.c.RepositoryConfigurationDelegate : Bootstrapping Spring Data Redis repositories in DEFAULT mode.
2021-10-12 15:39:05.143  INFO 10084 --- [main] .s.d.r.c.RepositoryConfigurationDelegate : Finished Spring Data repository scanning in 13ms. Found 0 Redis repository interfaces.
2021-10-12 15:39:05.729  INFO 10084 --- [main] trationDelegate$BeanPostProcessorChecker : Bean 'org.springframework.security.access.expression.method.DefaultMethodSecurityExpressionHandler@1cbb87f3' of type [org.springframework.security.access.expression.method.DefaultMethodSecurityExpressionHandler] is not eligible for getting processed by all BeanPostProcessors (for example: not eligible for auto-proxying)
2021-10-12 15:39:05.733  INFO 10084 --- [main] trationDelegate$BeanPostProcessorChecker : Bean 'methodSecurityMetadataSource' of type [org.springframework.security.access.method.DelegatingMethodSecurityMetadataSource] is not eligible for getting processed by all BeanPostProcessors (for example: not eligible for auto-proxying)
2021-10-12 15:39:06.109  INFO 10084 --- [main] o.s.b.w.embedded.tomcat.TomcatWebServer  : Tomcat initialized with port(s): 8088 (http)
2021-10-12 15:39:06.122  INFO 10084 --- [main] o.apache.catalina.core.StandardService   : Starting service [Tomcat]
2021-10-12 15:39:06.123  INFO 10084 --- [main] org.apache.catalina.core.StandardEngine  : Starting Servlet engine: [Apache Tomcat/9.0.36]
2021-10-12 15:39:06.206  INFO 10084 --- [main] o.a.c.c.C.[Tomcat].[localhost].[/]       : Initializing Spring embedded WebApplicationContext
2021-10-12 15:39:06.207  INFO 10084 --- [main] w.s.c.ServletWebServerApplicationContext : Root WebApplicationContext: initialization completed in 2293 ms
2021-10-12 15:39:06.786  INFO 10084 --- [main] c.a.d.s.b.a.DruidDataSourceAutoConfigure : Init DruidDataSource
2021-10-12 15:39:07.394  INFO 10084 --- [main] com.alibaba.druid.pool.DruidDataSource   : {dataSource-1} inited
2021-10-12 15:39:08.176  INFO 10084 --- [main] o.s.s.web.DefaultSecurityFilterChain     : Creating filter chain: any request, [org.springframework.security.web.context.request.async.WebAsyncManagerIntegrationFilter@10ded6a9, org.springframework.security.web.context.SecurityContextPersistenceFilter@663411de, org.springframework.security.web.header.HeaderWriterFilter@62e20a76, org.springframework.web.filter.CorsFilter@a3d9978, org.springframework.security.web.authentication.logout.LogoutFilter@6ee660fb, com.bobo.myspringsecurity.security.CaptchaFilter@6d5620ce, org.springframework.security.web.authentication.UsernamePasswordAuthenticationFilter@4372b9b6, com.bobo.myspringsecurity.security.JwtAuthenticationFilter@265adfad, org.springframework.security.web.savedrequest.RequestCacheAwareFilter@59d2400d, org.springframework.security.web.servletapi.SecurityContextHolderAwareRequestFilter@33b1c5c5, org.springframework.security.web.authentication.AnonymousAuthenticationFilter@c5dc4a2, org.springframework.security.web.session.SessionManagementFilter@44b3606b, org.springframework.security.web.access.ExceptionTranslationFilter@6ad59d92, org.springframework.security.web.access.intercept.FilterSecurityInterceptor@301ec38b]
2021-10-12 15:39:08.200  INFO 10084 --- [main] pertySourcedRequestMappingHandlerMapping : Mapped URL path [/v2/api-docs] onto method [springfox.documentation.swagger2.web.Swagger2Controller#getDocumentation(String, HttpServletRequest)]
2021-10-12 15:39:08.329  INFO 10084 --- [main] o.s.s.concurrent.ThreadPoolTaskExecutor  : Initializing ExecutorService 'applicationTaskExecutor'
2021-10-12 15:39:08.707  INFO 10084 --- [main] o.s.b.w.embedded.tomcat.TomcatWebServer  : Tomcat started on port(s): 8088 (http) with context path ''
2021-10-12 15:39:08.708  INFO 10084 --- [main] d.s.w.p.DocumentationPluginsBootstrapper : Context refreshed
2021-10-12 15:39:08.736  INFO 10084 --- [main] d.s.w.p.DocumentationPluginsBootstrapper : Found 1 custom documentation plugin(s)
2021-10-12 15:39:08.792  INFO 10084 --- [main] s.d.s.w.s.ApiListingReferenceScanner     : Scanning for api listing references
2021-10-12 15:39:09.057  INFO 10084 --- [main] .d.s.w.r.o.CachingOperationNameGenerator : Generating unique operation named: getLevelMenuUsingGET_1
2021-10-12 15:39:09.062  INFO 10084 --- [main] .d.s.w.r.o.CachingOperationNameGenerator : Generating unique operation named: getMenuUsingGET_1
2021-10-12 15:39:09.121  INFO 10084 --- [main] c.b.m.MySpringSecurityApplication        : Started MySpringSecurityApplication in 5.753 seconds (JVM running for 6.183)
2021-10-12 15:39:12.188  INFO 10084 --- [http-nio-8088-exec-1] o.a.c.c.C.[Tomcat].[localhost].[/]       : Initializing Spring DispatcherServlet 'dispatcherServlet'
2021-10-12 15:39:12.188  INFO 10084 --- [http-nio-8088-exec-1] o.s.web.servlet.DispatcherServlet        : Initializing Servlet 'dispatcherServlet'
2021-10-12 15:39:12.196  INFO 10084 --- [http-nio-8088-exec-1] o.s.web.servlet.DispatcherServlet        : Completed initialization in 8 ms
